<?xml version="1.0" encoding="UTF-8"?>
<!-- Generated by org.testng.reporters.JUnitXMLReporter -->
<testsuite ignored="2" hostname="ADMIN" failures="0" tests="1" name="seleniumPractice" time="73.558" errors="0" timestamp="2022-06-26T11:52:01 ICT">
  <testcase classname="BT2.AddProductAdmin" name="AddNewProduct" time="72.976"/>
  <testcase classname="BT2.AddProductAdmin" name="SelectNewProduct" time="0.0">
    <ignored/>
  </testcase> <!-- SelectNewProduct -->
  <testcase classname="BT2.AddProductAdmin" name="Login" time="0.0">
    <ignored/>
  </testcase> <!-- Login -->
</testsuite> <!-- seleniumPractice -->
