<?xml version="1.0" encoding="UTF-8"?>
<testng-results ignored="2" total="3" passed="1" failed="0" skipped="0">
  <reporter-output>
  </reporter-output>
  <suite started-at="2022-06-26T11:50:47 ICT" name="Default Suite" finished-at="2022-06-26T11:52:01 ICT" duration-ms="73558">
    <groups>
    </groups>
    <test started-at="2022-06-26T11:50:47 ICT" name="seleniumPractice" finished-at="2022-06-26T11:52:01 ICT" duration-ms="73558">
      <class name="BT2.AddProductAdmin">
        <test-method signature="AddNewProduct()[pri:0, instance:BT2.AddProductAdmin@38c5cc4c]" started-at="2022-06-26T11:50:48 ICT" name="AddNewProduct" finished-at="2022-06-26T11:52:01 ICT" duration-ms="72976" status="PASS">
          <reporter-output>
          </reporter-output>
        </test-method> <!-- AddNewProduct -->
      </class> <!-- BT2.AddProductAdmin -->
    </test> <!-- seleniumPractice -->
  </suite> <!-- Default Suite -->
</testng-results>
